TN:
SF:src/controllers/bibleController.ts
FN:9,(anonymous_7)
FN:9,(anonymous_8)
FN:39,(anonymous_9)
FN:39,(anonymous_10)
FN:51,(anonymous_11)
FN:51,(anonymous_12)
FN:66,(anonymous_13)
FN:69,(anonymous_14)
FN:92,(anonymous_15)
FN:92,(anonymous_16)
FN:119,(anonymous_17)
FN:119,(anonymous_18)
FN:131,(anonymous_19)
FN:131,(anonymous_20)
FN:146,(anonymous_21)
FN:149,(anonymous_22)
FN:171,(anonymous_23)
FN:171,(anonymous_24)
FN:212,(anonymous_25)
FN:212,(anonymous_26)
FN:227,(anonymous_27)
FN:230,(anonymous_28)
FN:251,(anonymous_29)
FN:251,(anonymous_30)
FN:319,(anonymous_31)
FN:322,(anonymous_32)
FN:341,(anonymous_33)
FN:341,(anonymous_34)
FN:422,(anonymous_35)
FN:440,(anonymous_36)
FN:440,(anonymous_37)
FN:496,(anonymous_38)
FN:551,(anonymous_39)
FNF:33
FNH:4
FNDA:2,(anonymous_7)
FNDA:2,(anonymous_8)
FNDA:0,(anonymous_9)
FNDA:0,(anonymous_10)
FNDA:0,(anonymous_11)
FNDA:0,(anonymous_12)
FNDA:0,(anonymous_13)
FNDA:0,(anonymous_14)
FNDA:1,(anonymous_15)
FNDA:1,(anonymous_16)
FNDA:0,(anonymous_17)
FNDA:0,(anonymous_18)
FNDA:0,(anonymous_19)
FNDA:0,(anonymous_20)
FNDA:0,(anonymous_21)
FNDA:0,(anonymous_22)
FNDA:0,(anonymous_23)
FNDA:0,(anonymous_24)
FNDA:0,(anonymous_25)
FNDA:0,(anonymous_26)
FNDA:0,(anonymous_27)
FNDA:0,(anonymous_28)
FNDA:0,(anonymous_29)
FNDA:0,(anonymous_30)
FNDA:0,(anonymous_31)
FNDA:0,(anonymous_32)
FNDA:0,(anonymous_33)
FNDA:0,(anonymous_34)
FNDA:0,(anonymous_35)
FNDA:0,(anonymous_36)
FNDA:0,(anonymous_37)
FNDA:0,(anonymous_38)
FNDA:0,(anonymous_39)
DA:2,1
DA:3,1
DA:9,2
DA:10,2
DA:12,2
DA:14,2
DA:21,2
DA:22,1
DA:26,1
DA:29,1
DA:34,1
DA:39,0
DA:41,0
DA:47,0
DA:51,0
DA:53,0
DA:64,0
DA:66,0
DA:69,0
DA:82,1
DA:84,1
DA:92,1
DA:93,1
DA:95,1
DA:97,1
DA:104,1
DA:105,1
DA:109,0
DA:114,0
DA:119,0
DA:121,0
DA:127,0
DA:131,0
DA:133,0
DA:144,0
DA:146,0
DA:149,0
DA:162,0
DA:164,1
DA:171,1
DA:172,0
DA:174,0
DA:176,0
DA:183,0
DA:184,0
DA:188,0
DA:192,0
DA:193,0
DA:197,0
DA:203,0
DA:212,0
DA:214,0
DA:225,0
DA:227,0
DA:230,0
DA:242,0
DA:244,0
DA:251,1
DA:252,0
DA:253,0
DA:255,0
DA:257,0
DA:258,0
DA:262,0
DA:269,0
DA:270,0
DA:274,0
DA:278,0
DA:279,0
DA:283,0
DA:290,0
DA:291,0
DA:295,0
DA:307,0
DA:319,0
DA:322,0
DA:332,0
DA:334,0
DA:341,1
DA:342,0
DA:343,0
DA:344,0
DA:346,0
DA:348,0
DA:349,0
DA:352,0
DA:353,0
DA:357,0
DA:364,0
DA:365,0
DA:369,0
DA:373,0
DA:374,0
DA:378,0
DA:385,0
DA:386,0
DA:390,0
DA:401,0
DA:402,0
DA:406,0
DA:422,0
DA:431,0
DA:433,0
DA:440,1
DA:441,0
DA:443,0
DA:444,0
DA:445,0
DA:451,0
DA:452,0
DA:456,0
DA:457,0
DA:460,0
DA:464,0
DA:488,0
DA:489,0
DA:493,0
DA:496,0
DA:533,0
DA:535,0
DA:551,0
DA:561,0
DA:567,0
LF:123
LH:24
BRDA:21,0,0,1
BRDA:21,1,0,2
BRDA:21,1,1,1
BRDA:104,2,0,1
BRDA:183,3,0,0
BRDA:192,4,0,0
BRDA:257,5,0,0
BRDA:269,6,0,0
BRDA:278,7,0,0
BRDA:290,8,0,0
BRDA:348,9,0,0
BRDA:352,10,0,0
BRDA:364,11,0,0
BRDA:373,12,0,0
BRDA:385,13,0,0
BRDA:401,14,0,0
BRDA:444,15,0,0
BRDA:444,16,0,0
BRDA:444,16,1,0
BRDA:451,17,0,0
BRDA:451,18,0,0
BRDA:451,18,1,0
BRDA:456,19,0,0
BRDA:488,20,0,0
BRF:24
BRH:4
end_of_record
TN:
SF:src/middleware/errorMiddleware.ts
FN:7,(anonymous_0)
FN:15,(anonymous_1)
FNF:2
FNH:1
FNDA:0,(anonymous_0)
FNDA:3,(anonymous_1)
DA:2,1
DA:7,1
DA:8,0
DA:9,0
DA:15,1
DA:16,3
DA:17,3
DA:20,3
DA:21,3
DA:23,3
DA:24,3
DA:28,3
LF:12
LH:10
BRDA:16,0,0,3
BRDA:16,0,1,0
BRDA:17,1,0,3
BRDA:17,1,1,0
BRDA:23,2,0,3
BRDA:23,3,0,3
BRDA:23,3,1,3
BRDA:31,4,0,3
BRDA:31,4,1,0
BRF:9
BRH:6
end_of_record
TN:
SF:src/middleware/validationMiddleware.ts
FN:8,(anonymous_0)
FN:9,(anonymous_1)
FN:23,(anonymous_2)
FN:24,(anonymous_3)
FN:38,(anonymous_4)
FN:39,(anonymous_5)
FNF:6
FNH:4
FNDA:1,(anonymous_0)
FNDA:1,(anonymous_1)
FNDA:6,(anonymous_2)
FNDA:3,(anonymous_3)
FNDA:0,(anonymous_4)
FNDA:0,(anonymous_5)
DA:2,1
DA:8,1
DA:9,1
DA:10,1
DA:11,1
DA:12,1
DA:15,0
DA:23,1
DA:24,6
DA:25,3
DA:26,3
DA:27,0
DA:30,3
DA:38,1
DA:39,0
DA:40,0
DA:41,0
DA:44,0
DA:45,0
DA:46,0
DA:49,0
LF:21
LH:12
BRDA:11,0,0,1
BRDA:26,1,0,0
BRDA:40,2,0,0
BRDA:40,3,0,0
BRDA:40,3,1,0
BRDA:45,4,0,0
BRF:6
BRH:1
end_of_record
TN:
SF:src/routes/bible.ts
FNF:0
FNH:0
DA:1,1
DA:2,1
DA:10,1
DA:12,1
DA:15,1
DA:18,1
DA:21,1
DA:24,1
DA:31,1
DA:38,1
DA:45,1
DA:47,1
LF:12
LH:12
BRF:0
BRH:0
end_of_record
TN:
SF:src/utils/errorHandler.ts
FN:9,(anonymous_0)
FN:20,(anonymous_1)
FN:33,(anonymous_2)
FNF:3
FNH:2
FNDA:4,(anonymous_0)
FNDA:5,(anonymous_1)
FNDA:0,(anonymous_2)
DA:6,2
DA:10,4
DA:11,4
DA:12,4
DA:13,4
DA:20,2
DA:21,5
DA:33,2
DA:34,0
DA:35,0
DA:37,0
DA:38,0
DA:39,0
DA:42,0
LF:14
LH:8
BRDA:34,0,0,0
BRDA:34,0,1,0
BRDA:35,1,0,0
BRDA:35,1,1,0
BRDA:38,2,0,0
BRF:5
BRH:0
end_of_record
